<?xml version="1.0" encoding="UTF-8"?>
<!-- Generated by org.testng.reporters.JUnitReportReporter -->
<testsuite hostname="Hari" failures="0" tests="1" name="Devendra.Shopping.ShoppingBasketTest" time="0.009" errors="0" timestamp="2025-03-10T22:33:32 IST" skipped="0">
  <testcase classname="Devendra.Shopping.ShoppingBasketTest" name="Basket_with_only_one_melon" time="0.009"/>
</testsuite> <!-- Devendra.Shopping.ShoppingBasketTest -->
